[timestamp=2021-09-10 11:05:21.874] [level=INFO] [tx_id=] [span_id=] [bu_id=TOL] [app_id=appId_IS_UNDEFINED] [stage=] [time_used=] [client_ip=] [user_id=] [uri=] [location=StartupInfoLogger.java:55] Starting DataConstructorApplication using Java 1.8.0_231 on TiandeMacBook-Pro.local with PID 640 (/Users/liuxiangdong/Desktop/THY/data-constructor/target/classes started by liuxiangdong in /Users/liuxiangdong/Desktop/THY/data-constructor)
[timestamp=2021-09-10 11:05:21.877] [level=INFO] [tx_id=] [span_id=] [bu_id=TOL] [app_id=appId_IS_UNDEFINED] [stage=] [time_used=] [client_ip=] [user_id=] [uri=] [location=SpringApplication.java:663] No active profile set, falling back to default profiles: default
[timestamp=2021-09-10 11:05:21.938] [level=INFO] [tx_id=] [span_id=] [bu_id=TOL] [app_id=appId_IS_UNDEFINED] [stage=] [time_used=] [client_ip=] [user_id=] [uri=] [location=DeferredLog.java:255] Devtools property defaults active! Set 'spring.devtools.add-properties' to 'false' to disable
[timestamp=2021-09-10 11:05:21.938] [level=INFO] [tx_id=] [span_id=] [bu_id=TOL] [app_id=appId_IS_UNDEFINED] [stage=] [time_used=] [client_ip=] [user_id=] [uri=] [location=DeferredLog.java:255] For additional web related logging consider setting the 'logging.level.web' property to 'DEBUG'
[timestamp=2021-09-10 11:05:22.631] [level=INFO] [tx_id=] [span_id=] [bu_id=TOL] [app_id=appId_IS_UNDEFINED] [stage=] [time_used=] [client_ip=] [user_id=] [uri=] [location=RepositoryConfigurationDelegate.java:262] Multiple Spring Data modules found, entering strict repository configuration mode!
[timestamp=2021-09-10 11:05:22.634] [level=INFO] [tx_id=] [span_id=] [bu_id=TOL] [app_id=appId_IS_UNDEFINED] [stage=] [time_used=] [client_ip=] [user_id=] [uri=] [location=RepositoryConfigurationDelegate.java:132] Bootstrapping Spring Data Redis repositories in DEFAULT mode.
[timestamp=2021-09-10 11:05:22.665] [level=INFO] [tx_id=] [span_id=] [bu_id=TOL] [app_id=appId_IS_UNDEFINED] [stage=] [time_used=] [client_ip=] [user_id=] [uri=] [location=RepositoryConfigurationDelegate.java:201] Finished Spring Data repository scanning in 10 ms. Found 0 Redis repository interfaces.
[timestamp=2021-09-10 11:05:22.987] [level=INFO] [tx_id=] [span_id=] [bu_id=TOL] [app_id=appId_IS_UNDEFINED] [stage=] [time_used=] [client_ip=] [user_id=] [uri=] [location=PostProcessorRegistrationDelegate.java:376] Bean 'org.springframework.ws.config.annotation.DelegatingWsConfiguration' of type [org.springframework.ws.config.annotation.DelegatingWsConfiguration$$EnhancerBySpringCGLIB$$f9116006] is not eligible for getting processed by all BeanPostProcessors (for example: not eligible for auto-proxying)
[timestamp=2021-09-10 11:05:23.021] [level=INFO] [tx_id=] [span_id=] [bu_id=TOL] [app_id=appId_IS_UNDEFINED] [stage=] [time_used=] [client_ip=] [user_id=] [uri=] [location=AbstractAddressingEndpointMapping.java:239] Supporting [WS-Addressing August 2004, WS-Addressing 1.0]
[timestamp=2021-09-10 11:05:23.446] [level=INFO] [tx_id=] [span_id=] [bu_id=TOL] [app_id=appId_IS_UNDEFINED] [stage=] [time_used=] [client_ip=] [user_id=] [uri=] [location=TomcatWebServer.java:108] Tomcat initialized with port(s): 8989 (http)
[timestamp=2021-09-10 11:05:23.456] [level=INFO] [tx_id=] [span_id=] [bu_id=TOL] [app_id=appId_IS_UNDEFINED] [stage=] [time_used=] [client_ip=] [user_id=] [uri=] [location=DirectJDKLog.java:173] Initializing ProtocolHandler ["http-nio-8989"]
[timestamp=2021-09-10 11:05:23.456] [level=INFO] [tx_id=] [span_id=] [bu_id=TOL] [app_id=appId_IS_UNDEFINED] [stage=] [time_used=] [client_ip=] [user_id=] [uri=] [location=DirectJDKLog.java:173] Starting service [Tomcat]
[timestamp=2021-09-10 11:05:23.457] [level=INFO] [tx_id=] [span_id=] [bu_id=TOL] [app_id=appId_IS_UNDEFINED] [stage=] [time_used=] [client_ip=] [user_id=] [uri=] [location=DirectJDKLog.java:173] Starting Servlet engine: [Apache Tomcat/9.0.46]
[timestamp=2021-09-10 11:05:23.543] [level=INFO] [tx_id=] [span_id=] [bu_id=TOL] [app_id=appId_IS_UNDEFINED] [stage=] [time_used=] [client_ip=] [user_id=] [uri=] [location=DirectJDKLog.java:173] Initializing Spring embedded WebApplicationContext
[timestamp=2021-09-10 11:05:23.543] [level=INFO] [tx_id=] [span_id=] [bu_id=TOL] [app_id=appId_IS_UNDEFINED] [stage=] [time_used=] [client_ip=] [user_id=] [uri=] [location=ServletWebServerApplicationContext.java:290] Root WebApplicationContext: initialization completed in 1604 ms
[timestamp=2021-09-10 11:05:24.962] [level=INFO] [tx_id=] [span_id=] [bu_id=TOL] [app_id=appId_IS_UNDEFINED] [stage=] [time_used=] [client_ip=] [user_id=] [uri=] [location=OptionalLiveReloadServer.java:58] LiveReload server is running on port 35729
[timestamp=2021-09-10 11:05:24.984] [level=INFO] [tx_id=] [span_id=] [bu_id=TOL] [app_id=appId_IS_UNDEFINED] [stage=] [time_used=] [client_ip=] [user_id=] [uri=] [location=DirectJDKLog.java:173] Starting ProtocolHandler ["http-nio-8989"]
[timestamp=2021-09-10 11:05:25.017] [level=INFO] [tx_id=] [span_id=] [bu_id=TOL] [app_id=appId_IS_UNDEFINED] [stage=] [time_used=] [client_ip=] [user_id=] [uri=] [location=TomcatWebServer.java:220] Tomcat started on port(s): 8989 (http) with context path ''
[timestamp=2021-09-10 11:05:25.028] [level=INFO] [tx_id=] [span_id=] [bu_id=TOL] [app_id=appId_IS_UNDEFINED] [stage=] [time_used=] [client_ip=] [user_id=] [uri=] [location=StartupInfoLogger.java:61] Started DataConstructorApplication in 3.625 seconds (JVM running for 34.751)
[timestamp=2021-09-10 11:05:25.029] [level=INFO] [tx_id=] [span_id=] [bu_id=TOL] [app_id=appId_IS_UNDEFINED] [stage=] [time_used=] [client_ip=] [user_id=] [uri=] [location=ApplicationAvailabilityBean.java:75] Application availability state LivenessState changed to CORRECT
[timestamp=2021-09-10 11:05:25.030] [level=INFO] [tx_id=] [span_id=] [bu_id=TOL] [app_id=appId_IS_UNDEFINED] [stage=] [time_used=] [client_ip=] [user_id=] [uri=] [location=ApplicationAvailabilityBean.java:75] Application availability state ReadinessState changed to ACCEPTING_TRAFFIC
[timestamp=2021-09-10 11:05:25.031] [level=INFO] [tx_id=] [span_id=] [bu_id=TOL] [app_id=appId_IS_UNDEFINED] [stage=] [time_used=] [client_ip=] [user_id=] [uri=] [location=DataConstructorApplication.java:22] 启动成功！！
[timestamp=2021-09-10 11:05:25.031] [level=INFO] [tx_id=] [span_id=] [bu_id=TOL] [app_id=appId_IS_UNDEFINED] [stage=] [time_used=] [client_ip=] [user_id=] [uri=] [location=DataConstructorApplication.java:23] 访问地址：	http://127.0.0.1/8989
